<?xml version="1.0" encoding="UTF-8"?>
<!-- Generated by org.testng.reporters.JUnitReportReporter -->
<testsuite skipped="0" hostname="W-CSLQM62" name="Tests" tests="1" failures="0" timestamp="25 lip 2019 11:34:01 GMT" time="8.657" errors="0">
  <testcase name="test001" time="8.657" classname="Tests"/>
</testsuite> <!-- Tests -->
